[INFO ] 2023-04-11 23:31:13.286 [main] UserTests - Creating User
[INFO ] 2023-04-11 23:31:13.296 [main] UserTests - User is created
[INFO ] 2023-04-11 23:31:13.325 [main] UserTests - Reading user info
[INFO ] 2023-04-11 23:31:15.584 [main] UserTests - Reading user completed
[INFO ] 2023-04-11 23:31:15.591 [main] UserTests - Updating user
[INFO ] 2023-04-11 23:31:17.830 [main] UserTests - Updating user completed
[INFO ] 2023-04-11 23:31:17.844 [main] UserTests - Deleting user
[INFO ] 2023-04-11 23:31:19.017 [main] UserTests - Deleting user completed
[INFO ] 2023-04-11 23:32:56.582 [main] UserTests - Creating User
[INFO ] 2023-04-11 23:32:56.594 [main] UserTests - User is created
[INFO ] 2023-04-11 23:32:56.650 [main] UserTests - Reading user info
[INFO ] 2023-04-11 23:32:57.891 [main] UserTests - Reading user completed
[INFO ] 2023-04-11 23:32:57.901 [main] UserTests - Updating user
[INFO ] 2023-04-11 23:33:00.235 [main] UserTests - Updating user completed
[INFO ] 2023-04-11 23:33:00.243 [main] UserTests - Deleting user
[INFO ] 2023-04-11 23:33:01.453 [main] UserTests - Deleting user completed
[DEBUG] 2023-04-11 23:52:52.235 [main] PackageRelationshipCollection - Parsing relationship: /xl/_rels/workbook.xml.rels
[DEBUG] 2023-04-11 23:52:52.250 [main] PackageRelationshipCollection - Parsing relationship: /xl/worksheets/_rels/sheet1.xml.rels
[DEBUG] 2023-04-11 23:52:52.253 [main] PackageRelationshipCollection - Parsing relationship: /_rels/.rels
[DEBUG] 2023-04-11 23:52:53.440 [main] PackageRelationshipCollection - Parsing relationship: /xl/_rels/workbook.xml.rels
[DEBUG] 2023-04-11 23:52:53.442 [main] PackageRelationshipCollection - Parsing relationship: /xl/worksheets/_rels/sheet1.xml.rels
[DEBUG] 2023-04-11 23:52:53.445 [main] PackageRelationshipCollection - Parsing relationship: /_rels/.rels
[DEBUG] 2023-04-11 23:52:53.507 [main] PackageRelationshipCollection - Parsing relationship: /xl/_rels/workbook.xml.rels
[DEBUG] 2023-04-11 23:52:53.509 [main] PackageRelationshipCollection - Parsing relationship: /xl/worksheets/_rels/sheet1.xml.rels
[DEBUG] 2023-04-11 23:52:53.514 [main] PackageRelationshipCollection - Parsing relationship: /_rels/.rels
[DEBUG] 2023-04-11 23:52:53.629 [main] PackageRelationshipCollection - Parsing relationship: /xl/_rels/workbook.xml.rels
[DEBUG] 2023-04-11 23:52:53.631 [main] PackageRelationshipCollection - Parsing relationship: /xl/worksheets/_rels/sheet1.xml.rels
[DEBUG] 2023-04-11 23:52:53.634 [main] PackageRelationshipCollection - Parsing relationship: /_rels/.rels
[DEBUG] 2023-04-11 23:52:53.681 [main] PackageRelationshipCollection - Parsing relationship: /xl/_rels/workbook.xml.rels
[DEBUG] 2023-04-11 23:52:53.683 [main] PackageRelationshipCollection - Parsing relationship: /xl/worksheets/_rels/sheet1.xml.rels
[DEBUG] 2023-04-11 23:52:53.685 [main] PackageRelationshipCollection - Parsing relationship: /_rels/.rels
[DEBUG] 2023-04-11 23:52:53.737 [main] PackageRelationshipCollection - Parsing relationship: /xl/_rels/workbook.xml.rels
[DEBUG] 2023-04-11 23:52:53.738 [main] PackageRelationshipCollection - Parsing relationship: /xl/worksheets/_rels/sheet1.xml.rels
[DEBUG] 2023-04-11 23:52:53.741 [main] PackageRelationshipCollection - Parsing relationship: /_rels/.rels
[DEBUG] 2023-04-11 23:52:53.798 [main] PackageRelationshipCollection - Parsing relationship: /xl/_rels/workbook.xml.rels
[DEBUG] 2023-04-11 23:52:53.800 [main] PackageRelationshipCollection - Parsing relationship: /xl/worksheets/_rels/sheet1.xml.rels
[DEBUG] 2023-04-11 23:52:53.801 [main] PackageRelationshipCollection - Parsing relationship: /_rels/.rels
[DEBUG] 2023-04-11 23:52:53.849 [main] PackageRelationshipCollection - Parsing relationship: /xl/_rels/workbook.xml.rels
[DEBUG] 2023-04-11 23:52:53.851 [main] PackageRelationshipCollection - Parsing relationship: /xl/worksheets/_rels/sheet1.xml.rels
[DEBUG] 2023-04-11 23:52:53.853 [main] PackageRelationshipCollection - Parsing relationship: /_rels/.rels
[DEBUG] 2023-04-11 23:52:53.893 [main] PackageRelationshipCollection - Parsing relationship: /xl/_rels/workbook.xml.rels
[DEBUG] 2023-04-11 23:52:53.896 [main] PackageRelationshipCollection - Parsing relationship: /xl/worksheets/_rels/sheet1.xml.rels
[DEBUG] 2023-04-11 23:52:53.897 [main] PackageRelationshipCollection - Parsing relationship: /_rels/.rels
[DEBUG] 2023-04-11 23:52:53.948 [main] PackageRelationshipCollection - Parsing relationship: /xl/_rels/workbook.xml.rels
[DEBUG] 2023-04-11 23:52:53.949 [main] PackageRelationshipCollection - Parsing relationship: /xl/worksheets/_rels/sheet1.xml.rels
[DEBUG] 2023-04-11 23:52:53.950 [main] PackageRelationshipCollection - Parsing relationship: /_rels/.rels
[DEBUG] 2023-04-11 23:52:53.994 [main] PackageRelationshipCollection - Parsing relationship: /xl/_rels/workbook.xml.rels
[DEBUG] 2023-04-11 23:52:53.996 [main] PackageRelationshipCollection - Parsing relationship: /xl/worksheets/_rels/sheet1.xml.rels
[DEBUG] 2023-04-11 23:52:53.998 [main] PackageRelationshipCollection - Parsing relationship: /_rels/.rels
[DEBUG] 2023-04-11 23:52:54.036 [main] PackageRelationshipCollection - Parsing relationship: /xl/_rels/workbook.xml.rels
[DEBUG] 2023-04-11 23:52:54.037 [main] PackageRelationshipCollection - Parsing relationship: /xl/worksheets/_rels/sheet1.xml.rels
[DEBUG] 2023-04-11 23:52:54.039 [main] PackageRelationshipCollection - Parsing relationship: /_rels/.rels
[DEBUG] 2023-04-11 23:52:54.084 [main] PackageRelationshipCollection - Parsing relationship: /xl/_rels/workbook.xml.rels
[DEBUG] 2023-04-11 23:52:54.085 [main] PackageRelationshipCollection - Parsing relationship: /xl/worksheets/_rels/sheet1.xml.rels
[DEBUG] 2023-04-11 23:52:54.086 [main] PackageRelationshipCollection - Parsing relationship: /_rels/.rels
[DEBUG] 2023-04-11 23:52:54.121 [main] PackageRelationshipCollection - Parsing relationship: /xl/_rels/workbook.xml.rels
[DEBUG] 2023-04-11 23:52:54.122 [main] PackageRelationshipCollection - Parsing relationship: /xl/worksheets/_rels/sheet1.xml.rels
[DEBUG] 2023-04-11 23:52:54.125 [main] PackageRelationshipCollection - Parsing relationship: /_rels/.rels
[DEBUG] 2023-04-11 23:52:54.166 [main] PackageRelationshipCollection - Parsing relationship: /xl/_rels/workbook.xml.rels
[DEBUG] 2023-04-11 23:52:54.167 [main] PackageRelationshipCollection - Parsing relationship: /xl/worksheets/_rels/sheet1.xml.rels
[DEBUG] 2023-04-11 23:52:54.169 [main] PackageRelationshipCollection - Parsing relationship: /_rels/.rels
[DEBUG] 2023-04-11 23:52:54.200 [main] PackageRelationshipCollection - Parsing relationship: /xl/_rels/workbook.xml.rels
[DEBUG] 2023-04-11 23:52:54.202 [main] PackageRelationshipCollection - Parsing relationship: /xl/worksheets/_rels/sheet1.xml.rels
[DEBUG] 2023-04-11 23:52:54.203 [main] PackageRelationshipCollection - Parsing relationship: /_rels/.rels
[DEBUG] 2023-04-11 23:52:54.249 [main] PackageRelationshipCollection - Parsing relationship: /xl/_rels/workbook.xml.rels
[DEBUG] 2023-04-11 23:52:54.251 [main] PackageRelationshipCollection - Parsing relationship: /xl/worksheets/_rels/sheet1.xml.rels
[DEBUG] 2023-04-11 23:52:54.252 [main] PackageRelationshipCollection - Parsing relationship: /_rels/.rels
[DEBUG] 2023-04-11 23:52:54.285 [main] PackageRelationshipCollection - Parsing relationship: /xl/_rels/workbook.xml.rels
[DEBUG] 2023-04-11 23:52:54.286 [main] PackageRelationshipCollection - Parsing relationship: /xl/worksheets/_rels/sheet1.xml.rels
[DEBUG] 2023-04-11 23:52:54.287 [main] PackageRelationshipCollection - Parsing relationship: /_rels/.rels
[DEBUG] 2023-04-11 23:52:54.321 [main] PackageRelationshipCollection - Parsing relationship: /xl/_rels/workbook.xml.rels
[DEBUG] 2023-04-11 23:52:54.322 [main] PackageRelationshipCollection - Parsing relationship: /xl/worksheets/_rels/sheet1.xml.rels
[DEBUG] 2023-04-11 23:52:54.324 [main] PackageRelationshipCollection - Parsing relationship: /_rels/.rels
[DEBUG] 2023-04-11 23:52:54.351 [main] PackageRelationshipCollection - Parsing relationship: /xl/_rels/workbook.xml.rels
[DEBUG] 2023-04-11 23:52:54.352 [main] PackageRelationshipCollection - Parsing relationship: /xl/worksheets/_rels/sheet1.xml.rels
[DEBUG] 2023-04-11 23:52:54.354 [main] PackageRelationshipCollection - Parsing relationship: /_rels/.rels
[DEBUG] 2023-04-11 23:52:54.386 [main] PackageRelationshipCollection - Parsing relationship: /xl/_rels/workbook.xml.rels
[DEBUG] 2023-04-11 23:52:54.387 [main] PackageRelationshipCollection - Parsing relationship: /xl/worksheets/_rels/sheet1.xml.rels
[DEBUG] 2023-04-11 23:52:54.388 [main] PackageRelationshipCollection - Parsing relationship: /_rels/.rels
[DEBUG] 2023-04-11 23:52:54.415 [main] PackageRelationshipCollection - Parsing relationship: /xl/_rels/workbook.xml.rels
[DEBUG] 2023-04-11 23:52:54.416 [main] PackageRelationshipCollection - Parsing relationship: /xl/worksheets/_rels/sheet1.xml.rels
[DEBUG] 2023-04-11 23:52:54.417 [main] PackageRelationshipCollection - Parsing relationship: /_rels/.rels
[DEBUG] 2023-04-11 23:52:54.444 [main] PackageRelationshipCollection - Parsing relationship: /xl/_rels/workbook.xml.rels
[DEBUG] 2023-04-11 23:52:54.445 [main] PackageRelationshipCollection - Parsing relationship: /xl/worksheets/_rels/sheet1.xml.rels
[DEBUG] 2023-04-11 23:52:54.446 [main] PackageRelationshipCollection - Parsing relationship: /_rels/.rels
[DEBUG] 2023-04-11 23:52:54.475 [main] PackageRelationshipCollection - Parsing relationship: /xl/_rels/workbook.xml.rels
[DEBUG] 2023-04-11 23:52:54.478 [main] PackageRelationshipCollection - Parsing relationship: /xl/worksheets/_rels/sheet1.xml.rels
[DEBUG] 2023-04-11 23:52:54.479 [main] PackageRelationshipCollection - Parsing relationship: /_rels/.rels
[DEBUG] 2023-04-11 23:52:54.510 [main] PackageRelationshipCollection - Parsing relationship: /xl/_rels/workbook.xml.rels
[DEBUG] 2023-04-11 23:52:54.513 [main] PackageRelationshipCollection - Parsing relationship: /xl/worksheets/_rels/sheet1.xml.rels
[DEBUG] 2023-04-11 23:52:54.514 [main] PackageRelationshipCollection - Parsing relationship: /_rels/.rels
[DEBUG] 2023-04-11 23:52:54.548 [main] PackageRelationshipCollection - Parsing relationship: /xl/_rels/workbook.xml.rels
[DEBUG] 2023-04-11 23:52:54.550 [main] PackageRelationshipCollection - Parsing relationship: /xl/worksheets/_rels/sheet1.xml.rels
[DEBUG] 2023-04-11 23:52:54.551 [main] PackageRelationshipCollection - Parsing relationship: /_rels/.rels
[DEBUG] 2023-04-11 23:52:54.583 [main] PackageRelationshipCollection - Parsing relationship: /xl/_rels/workbook.xml.rels
[DEBUG] 2023-04-11 23:52:54.584 [main] PackageRelationshipCollection - Parsing relationship: /xl/worksheets/_rels/sheet1.xml.rels
[DEBUG] 2023-04-11 23:52:54.585 [main] PackageRelationshipCollection - Parsing relationship: /_rels/.rels
[DEBUG] 2023-04-11 23:52:54.612 [main] PackageRelationshipCollection - Parsing relationship: /xl/_rels/workbook.xml.rels
[DEBUG] 2023-04-11 23:52:54.613 [main] PackageRelationshipCollection - Parsing relationship: /xl/worksheets/_rels/sheet1.xml.rels
[DEBUG] 2023-04-11 23:52:54.614 [main] PackageRelationshipCollection - Parsing relationship: /_rels/.rels
[DEBUG] 2023-04-11 23:52:54.637 [main] PackageRelationshipCollection - Parsing relationship: /xl/_rels/workbook.xml.rels
[DEBUG] 2023-04-11 23:52:54.639 [main] PackageRelationshipCollection - Parsing relationship: /xl/worksheets/_rels/sheet1.xml.rels
[DEBUG] 2023-04-11 23:52:54.641 [main] PackageRelationshipCollection - Parsing relationship: /_rels/.rels
[DEBUG] 2023-04-11 23:52:54.663 [main] PackageRelationshipCollection - Parsing relationship: /xl/_rels/workbook.xml.rels
[DEBUG] 2023-04-11 23:52:54.664 [main] PackageRelationshipCollection - Parsing relationship: /xl/worksheets/_rels/sheet1.xml.rels
[DEBUG] 2023-04-11 23:52:54.665 [main] PackageRelationshipCollection - Parsing relationship: /_rels/.rels
[DEBUG] 2023-04-11 23:52:54.686 [main] PackageRelationshipCollection - Parsing relationship: /xl/_rels/workbook.xml.rels
[DEBUG] 2023-04-11 23:52:54.687 [main] PackageRelationshipCollection - Parsing relationship: /xl/worksheets/_rels/sheet1.xml.rels
[DEBUG] 2023-04-11 23:52:54.688 [main] PackageRelationshipCollection - Parsing relationship: /_rels/.rels
[DEBUG] 2023-04-11 23:52:54.729 [main] PackageRelationshipCollection - Parsing relationship: /xl/_rels/workbook.xml.rels
[DEBUG] 2023-04-11 23:52:54.730 [main] PackageRelationshipCollection - Parsing relationship: /xl/worksheets/_rels/sheet1.xml.rels
[DEBUG] 2023-04-11 23:52:54.731 [main] PackageRelationshipCollection - Parsing relationship: /_rels/.rels
[DEBUG] 2023-04-11 23:52:54.767 [main] PackageRelationshipCollection - Parsing relationship: /xl/_rels/workbook.xml.rels
[DEBUG] 2023-04-11 23:52:54.768 [main] PackageRelationshipCollection - Parsing relationship: /xl/worksheets/_rels/sheet1.xml.rels
[DEBUG] 2023-04-11 23:52:54.769 [main] PackageRelationshipCollection - Parsing relationship: /_rels/.rels
[DEBUG] 2023-04-11 23:52:54.798 [main] PackageRelationshipCollection - Parsing relationship: /xl/_rels/workbook.xml.rels
[DEBUG] 2023-04-11 23:52:54.799 [main] PackageRelationshipCollection - Parsing relationship: /xl/worksheets/_rels/sheet1.xml.rels
[DEBUG] 2023-04-11 23:52:54.802 [main] PackageRelationshipCollection - Parsing relationship: /_rels/.rels
[DEBUG] 2023-04-11 23:52:54.826 [main] PackageRelationshipCollection - Parsing relationship: /xl/_rels/workbook.xml.rels
[DEBUG] 2023-04-11 23:52:54.827 [main] PackageRelationshipCollection - Parsing relationship: /xl/worksheets/_rels/sheet1.xml.rels
[DEBUG] 2023-04-11 23:52:54.828 [main] PackageRelationshipCollection - Parsing relationship: /_rels/.rels
[DEBUG] 2023-04-11 23:52:54.855 [main] PackageRelationshipCollection - Parsing relationship: /xl/_rels/workbook.xml.rels
[DEBUG] 2023-04-11 23:52:54.856 [main] PackageRelationshipCollection - Parsing relationship: /xl/worksheets/_rels/sheet1.xml.rels
[DEBUG] 2023-04-11 23:52:54.858 [main] PackageRelationshipCollection - Parsing relationship: /_rels/.rels
[DEBUG] 2023-04-11 23:52:54.879 [main] PackageRelationshipCollection - Parsing relationship: /xl/_rels/workbook.xml.rels
[DEBUG] 2023-04-11 23:52:54.880 [main] PackageRelationshipCollection - Parsing relationship: /xl/worksheets/_rels/sheet1.xml.rels
[DEBUG] 2023-04-11 23:52:54.881 [main] PackageRelationshipCollection - Parsing relationship: /_rels/.rels
[DEBUG] 2023-04-11 23:53:08.845 [main] PackageRelationshipCollection - Parsing relationship: /xl/_rels/workbook.xml.rels
[DEBUG] 2023-04-11 23:53:08.846 [main] PackageRelationshipCollection - Parsing relationship: /xl/worksheets/_rels/sheet1.xml.rels
[DEBUG] 2023-04-11 23:53:08.850 [main] PackageRelationshipCollection - Parsing relationship: /_rels/.rels
[DEBUG] 2023-04-11 23:53:08.874 [main] PackageRelationshipCollection - Parsing relationship: /xl/_rels/workbook.xml.rels
[DEBUG] 2023-04-11 23:53:08.876 [main] PackageRelationshipCollection - Parsing relationship: /xl/worksheets/_rels/sheet1.xml.rels
[DEBUG] 2023-04-11 23:53:08.877 [main] PackageRelationshipCollection - Parsing relationship: /_rels/.rels
[DEBUG] 2023-04-11 23:53:08.912 [main] PackageRelationshipCollection - Parsing relationship: /xl/_rels/workbook.xml.rels
[DEBUG] 2023-04-11 23:53:08.913 [main] PackageRelationshipCollection - Parsing relationship: /xl/worksheets/_rels/sheet1.xml.rels
[DEBUG] 2023-04-11 23:53:08.914 [main] PackageRelationshipCollection - Parsing relationship: /_rels/.rels
[DEBUG] 2023-04-11 23:53:08.929 [main] PackageRelationshipCollection - Parsing relationship: /xl/_rels/workbook.xml.rels
[DEBUG] 2023-04-11 23:53:08.930 [main] PackageRelationshipCollection - Parsing relationship: /xl/worksheets/_rels/sheet1.xml.rels
[DEBUG] 2023-04-11 23:53:08.931 [main] PackageRelationshipCollection - Parsing relationship: /_rels/.rels
[DEBUG] 2023-04-11 23:53:08.953 [main] PackageRelationshipCollection - Parsing relationship: /xl/_rels/workbook.xml.rels
[DEBUG] 2023-04-11 23:53:08.954 [main] PackageRelationshipCollection - Parsing relationship: /xl/worksheets/_rels/sheet1.xml.rels
[DEBUG] 2023-04-11 23:53:08.955 [main] PackageRelationshipCollection - Parsing relationship: /_rels/.rels
[DEBUG] 2023-04-11 23:53:08.974 [main] PackageRelationshipCollection - Parsing relationship: /xl/_rels/workbook.xml.rels
[DEBUG] 2023-04-11 23:53:08.975 [main] PackageRelationshipCollection - Parsing relationship: /xl/worksheets/_rels/sheet1.xml.rels
[DEBUG] 2023-04-11 23:53:08.976 [main] PackageRelationshipCollection - Parsing relationship: /_rels/.rels
[INFO ] 2023-04-11 23:58:05.748 [main] UserTests - Log file deleted successfully
[INFO ] 2023-04-11 23:58:05.751 [main] UserTests - File delted read
[DEBUG] 2023-04-11 23:58:10.876 [main] UserTests - Creating User
[DEBUG] 2023-04-11 23:58:10.879 [main] UserTests - User is created
[DEBUG] 2023-04-11 23:58:10.903 [main] UserTests - Reading user info
[DEBUG] 2023-04-11 23:58:12.088 [main] UserTests - Reading user completed
[DEBUG] 2023-04-11 23:58:12.104 [main] UserTests - Updating user
[DEBUG] 2023-04-11 23:58:18.551 [main] UserTests - Updating user completed
[DEBUG] 2023-04-11 23:58:18.557 [main] UserTests - Deleting user
[DEBUG] 2023-04-11 23:58:21.619 [main] UserTests - Deleting user completed
