[INFO ] 2023-04-12 00:00:27.228 [main] UserTests - Log file deleted successfully
[INFO ] 2023-04-12 00:00:27.296 [main] UserTests - File delted read
[DEBUG] 2023-04-12 00:00:31.810 [main] UserTests - Creating User
[DEBUG] 2023-04-12 00:00:31.814 [main] UserTests - User is created
[DEBUG] 2023-04-12 00:00:31.855 [main] UserTests - Reading user info
[DEBUG] 2023-04-12 00:00:33.103 [main] UserTests - Reading user completed
[DEBUG] 2023-04-12 00:00:33.107 [main] UserTests - Updating user
[DEBUG] 2023-04-12 00:00:35.371 [main] UserTests - Updating user completed
[DEBUG] 2023-04-12 00:00:35.374 [main] UserTests - Deleting user
[DEBUG] 2023-04-12 00:00:36.500 [main] UserTests - Deleting user completed
[INFO ] 2023-04-12 00:02:00.193 [main] UserTests - Log file deleted successfully
[INFO ] 2023-04-12 00:02:00.198 [main] UserTests - File delted read
[DEBUG] 2023-04-12 00:02:06.607 [main] UserTests - Creating User
[DEBUG] 2023-04-12 00:02:06.610 [main] UserTests - User is created
[DEBUG] 2023-04-12 00:02:06.635 [main] UserTests - Reading user info
[DEBUG] 2023-04-12 00:02:10.204 [main] UserTests - Reading user completed
[DEBUG] 2023-04-12 00:02:10.212 [main] UserTests - Updating user
[DEBUG] 2023-04-12 00:02:13.098 [main] UserTests - Updating user completed
[DEBUG] 2023-04-12 00:02:13.103 [main] UserTests - Deleting user
[DEBUG] 2023-04-12 00:02:14.193 [main] UserTests - Deleting user completed
[INFO ] 2023-04-12 17:00:57.833 [main] UserTests - Log file deleted successfully
[INFO ] 2023-04-12 17:00:57.836 [main] UserTests - File delted read
[DEBUG] 2023-04-12 17:00:59.798 [main] UserTests - Reading user info
[DEBUG] 2023-04-12 17:00:59.818 [main] UserTests - Updating user
[DEBUG] 2023-04-12 17:00:59.843 [main] UserTests - Deleting user
[INFO ] 2023-04-12 17:04:28.945 [main] UserTests - Log file deleted successfully
[INFO ] 2023-04-12 17:04:28.949 [main] UserTests - File delted read
[DEBUG] 2023-04-12 17:04:30.712 [main] UserTests - Reading user info
[DEBUG] 2023-04-12 17:04:30.726 [main] UserTests - Updating user
[DEBUG] 2023-04-12 17:04:30.742 [main] UserTests - Deleting user
[DEBUG] 2023-04-12 17:05:23.698 [main] UserTests - Reading user info
[DEBUG] 2023-04-12 17:05:23.725 [main] UserTests - Updating user
[DEBUG] 2023-04-12 17:05:23.744 [main] UserTests - Deleting user
[DEBUG] 2023-04-12 17:20:19.507 [main] UserTests - Creating User
[DEBUG] 2023-04-12 17:20:19.515 [main] UserTests - User is created
[DEBUG] 2023-04-12 17:20:19.543 [main] UserTests - Reading user info
[DEBUG] 2023-04-12 17:20:20.762 [main] UserTests - Reading user completed
[DEBUG] 2023-04-12 17:20:20.775 [main] UserTests - Updating user
[DEBUG] 2023-04-12 17:20:23.123 [main] UserTests - Updating user completed
[DEBUG] 2023-04-12 17:20:23.135 [main] UserTests - Deleting user
[DEBUG] 2023-04-12 17:20:24.275 [main] UserTests - Deleting user completed
[DEBUG] 2023-04-12 17:40:42.409 [main] PackageRelationshipCollection - Parsing relationship: /xl/_rels/workbook.xml.rels
[DEBUG] 2023-04-12 17:40:42.419 [main] PackageRelationshipCollection - Parsing relationship: /xl/worksheets/_rels/sheet1.xml.rels
[DEBUG] 2023-04-12 17:40:42.423 [main] PackageRelationshipCollection - Parsing relationship: /_rels/.rels
[DEBUG] 2023-04-12 17:40:43.383 [main] PackageRelationshipCollection - Parsing relationship: /xl/_rels/workbook.xml.rels
[DEBUG] 2023-04-12 17:40:43.385 [main] PackageRelationshipCollection - Parsing relationship: /xl/worksheets/_rels/sheet1.xml.rels
[DEBUG] 2023-04-12 17:40:43.388 [main] PackageRelationshipCollection - Parsing relationship: /_rels/.rels
[DEBUG] 2023-04-12 17:40:43.440 [main] PackageRelationshipCollection - Parsing relationship: /xl/_rels/workbook.xml.rels
[DEBUG] 2023-04-12 17:40:43.442 [main] PackageRelationshipCollection - Parsing relationship: /xl/worksheets/_rels/sheet1.xml.rels
[DEBUG] 2023-04-12 17:40:43.444 [main] PackageRelationshipCollection - Parsing relationship: /_rels/.rels
[DEBUG] 2023-04-12 17:40:43.523 [main] PackageRelationshipCollection - Parsing relationship: /xl/_rels/workbook.xml.rels
[DEBUG] 2023-04-12 17:40:43.524 [main] PackageRelationshipCollection - Parsing relationship: /xl/worksheets/_rels/sheet1.xml.rels
[DEBUG] 2023-04-12 17:40:43.526 [main] PackageRelationshipCollection - Parsing relationship: /_rels/.rels
[DEBUG] 2023-04-12 17:40:43.571 [main] PackageRelationshipCollection - Parsing relationship: /xl/_rels/workbook.xml.rels
[DEBUG] 2023-04-12 17:40:43.573 [main] PackageRelationshipCollection - Parsing relationship: /xl/worksheets/_rels/sheet1.xml.rels
[DEBUG] 2023-04-12 17:40:43.575 [main] PackageRelationshipCollection - Parsing relationship: /_rels/.rels
[DEBUG] 2023-04-12 17:40:43.623 [main] PackageRelationshipCollection - Parsing relationship: /xl/_rels/workbook.xml.rels
[DEBUG] 2023-04-12 17:40:43.624 [main] PackageRelationshipCollection - Parsing relationship: /xl/worksheets/_rels/sheet1.xml.rels
[DEBUG] 2023-04-12 17:40:43.626 [main] PackageRelationshipCollection - Parsing relationship: /_rels/.rels
[DEBUG] 2023-04-12 17:40:43.662 [main] PackageRelationshipCollection - Parsing relationship: /xl/_rels/workbook.xml.rels
[DEBUG] 2023-04-12 17:40:43.664 [main] PackageRelationshipCollection - Parsing relationship: /xl/worksheets/_rels/sheet1.xml.rels
[DEBUG] 2023-04-12 17:40:43.665 [main] PackageRelationshipCollection - Parsing relationship: /_rels/.rels
[DEBUG] 2023-04-12 17:40:43.715 [main] PackageRelationshipCollection - Parsing relationship: /xl/_rels/workbook.xml.rels
[DEBUG] 2023-04-12 17:40:43.718 [main] PackageRelationshipCollection - Parsing relationship: /xl/worksheets/_rels/sheet1.xml.rels
[DEBUG] 2023-04-12 17:40:43.720 [main] PackageRelationshipCollection - Parsing relationship: /_rels/.rels
[DEBUG] 2023-04-12 17:40:43.756 [main] PackageRelationshipCollection - Parsing relationship: /xl/_rels/workbook.xml.rels
[DEBUG] 2023-04-12 17:40:43.757 [main] PackageRelationshipCollection - Parsing relationship: /xl/worksheets/_rels/sheet1.xml.rels
[DEBUG] 2023-04-12 17:40:43.758 [main] PackageRelationshipCollection - Parsing relationship: /_rels/.rels
[DEBUG] 2023-04-12 17:40:43.793 [main] PackageRelationshipCollection - Parsing relationship: /xl/_rels/workbook.xml.rels
[DEBUG] 2023-04-12 17:40:43.794 [main] PackageRelationshipCollection - Parsing relationship: /xl/worksheets/_rels/sheet1.xml.rels
[DEBUG] 2023-04-12 17:40:43.797 [main] PackageRelationshipCollection - Parsing relationship: /_rels/.rels
[DEBUG] 2023-04-12 17:40:43.833 [main] PackageRelationshipCollection - Parsing relationship: /xl/_rels/workbook.xml.rels
[DEBUG] 2023-04-12 17:40:43.834 [main] PackageRelationshipCollection - Parsing relationship: /xl/worksheets/_rels/sheet1.xml.rels
[DEBUG] 2023-04-12 17:40:43.835 [main] PackageRelationshipCollection - Parsing relationship: /_rels/.rels
[DEBUG] 2023-04-12 17:40:43.871 [main] PackageRelationshipCollection - Parsing relationship: /xl/_rels/workbook.xml.rels
[DEBUG] 2023-04-12 17:40:43.873 [main] PackageRelationshipCollection - Parsing relationship: /xl/worksheets/_rels/sheet1.xml.rels
[DEBUG] 2023-04-12 17:40:43.874 [main] PackageRelationshipCollection - Parsing relationship: /_rels/.rels
[DEBUG] 2023-04-12 17:40:43.904 [main] PackageRelationshipCollection - Parsing relationship: /xl/_rels/workbook.xml.rels
[DEBUG] 2023-04-12 17:40:43.905 [main] PackageRelationshipCollection - Parsing relationship: /xl/worksheets/_rels/sheet1.xml.rels
[DEBUG] 2023-04-12 17:40:43.907 [main] PackageRelationshipCollection - Parsing relationship: /_rels/.rels
[DEBUG] 2023-04-12 17:40:43.938 [main] PackageRelationshipCollection - Parsing relationship: /xl/_rels/workbook.xml.rels
[DEBUG] 2023-04-12 17:40:43.939 [main] PackageRelationshipCollection - Parsing relationship: /xl/worksheets/_rels/sheet1.xml.rels
[DEBUG] 2023-04-12 17:40:43.941 [main] PackageRelationshipCollection - Parsing relationship: /_rels/.rels
[DEBUG] 2023-04-12 17:40:43.970 [main] PackageRelationshipCollection - Parsing relationship: /xl/_rels/workbook.xml.rels
[DEBUG] 2023-04-12 17:40:43.971 [main] PackageRelationshipCollection - Parsing relationship: /xl/worksheets/_rels/sheet1.xml.rels
[DEBUG] 2023-04-12 17:40:43.972 [main] PackageRelationshipCollection - Parsing relationship: /_rels/.rels
[DEBUG] 2023-04-12 17:40:44.002 [main] PackageRelationshipCollection - Parsing relationship: /xl/_rels/workbook.xml.rels
[DEBUG] 2023-04-12 17:40:44.003 [main] PackageRelationshipCollection - Parsing relationship: /xl/worksheets/_rels/sheet1.xml.rels
[DEBUG] 2023-04-12 17:40:44.004 [main] PackageRelationshipCollection - Parsing relationship: /_rels/.rels
[DEBUG] 2023-04-12 17:40:44.042 [main] PackageRelationshipCollection - Parsing relationship: /xl/_rels/workbook.xml.rels
[DEBUG] 2023-04-12 17:40:44.043 [main] PackageRelationshipCollection - Parsing relationship: /xl/worksheets/_rels/sheet1.xml.rels
[DEBUG] 2023-04-12 17:40:44.044 [main] PackageRelationshipCollection - Parsing relationship: /_rels/.rels
[DEBUG] 2023-04-12 17:40:44.077 [main] PackageRelationshipCollection - Parsing relationship: /xl/_rels/workbook.xml.rels
[DEBUG] 2023-04-12 17:40:44.078 [main] PackageRelationshipCollection - Parsing relationship: /xl/worksheets/_rels/sheet1.xml.rels
[DEBUG] 2023-04-12 17:40:44.080 [main] PackageRelationshipCollection - Parsing relationship: /_rels/.rels
[DEBUG] 2023-04-12 17:40:44.107 [main] PackageRelationshipCollection - Parsing relationship: /xl/_rels/workbook.xml.rels
[DEBUG] 2023-04-12 17:40:44.108 [main] PackageRelationshipCollection - Parsing relationship: /xl/worksheets/_rels/sheet1.xml.rels
[DEBUG] 2023-04-12 17:40:44.110 [main] PackageRelationshipCollection - Parsing relationship: /_rels/.rels
[DEBUG] 2023-04-12 17:40:44.136 [main] PackageRelationshipCollection - Parsing relationship: /xl/_rels/workbook.xml.rels
[DEBUG] 2023-04-12 17:40:44.138 [main] PackageRelationshipCollection - Parsing relationship: /xl/worksheets/_rels/sheet1.xml.rels
[DEBUG] 2023-04-12 17:40:44.139 [main] PackageRelationshipCollection - Parsing relationship: /_rels/.rels
[DEBUG] 2023-04-12 17:40:44.165 [main] PackageRelationshipCollection - Parsing relationship: /xl/_rels/workbook.xml.rels
[DEBUG] 2023-04-12 17:40:44.167 [main] PackageRelationshipCollection - Parsing relationship: /xl/worksheets/_rels/sheet1.xml.rels
[DEBUG] 2023-04-12 17:40:44.168 [main] PackageRelationshipCollection - Parsing relationship: /_rels/.rels
[DEBUG] 2023-04-12 17:40:44.190 [main] PackageRelationshipCollection - Parsing relationship: /xl/_rels/workbook.xml.rels
[DEBUG] 2023-04-12 17:40:44.191 [main] PackageRelationshipCollection - Parsing relationship: /xl/worksheets/_rels/sheet1.xml.rels
[DEBUG] 2023-04-12 17:40:44.192 [main] PackageRelationshipCollection - Parsing relationship: /_rels/.rels
[DEBUG] 2023-04-12 17:40:44.218 [main] PackageRelationshipCollection - Parsing relationship: /xl/_rels/workbook.xml.rels
[DEBUG] 2023-04-12 17:40:44.219 [main] PackageRelationshipCollection - Parsing relationship: /xl/worksheets/_rels/sheet1.xml.rels
[DEBUG] 2023-04-12 17:40:44.220 [main] PackageRelationshipCollection - Parsing relationship: /_rels/.rels
[DEBUG] 2023-04-12 17:40:44.245 [main] PackageRelationshipCollection - Parsing relationship: /xl/_rels/workbook.xml.rels
[DEBUG] 2023-04-12 17:40:44.247 [main] PackageRelationshipCollection - Parsing relationship: /xl/worksheets/_rels/sheet1.xml.rels
[DEBUG] 2023-04-12 17:40:44.248 [main] PackageRelationshipCollection - Parsing relationship: /_rels/.rels
[DEBUG] 2023-04-12 17:40:44.273 [main] PackageRelationshipCollection - Parsing relationship: /xl/_rels/workbook.xml.rels
[DEBUG] 2023-04-12 17:40:44.274 [main] PackageRelationshipCollection - Parsing relationship: /xl/worksheets/_rels/sheet1.xml.rels
[DEBUG] 2023-04-12 17:40:44.275 [main] PackageRelationshipCollection - Parsing relationship: /_rels/.rels
[DEBUG] 2023-04-12 17:40:44.299 [main] PackageRelationshipCollection - Parsing relationship: /xl/_rels/workbook.xml.rels
[DEBUG] 2023-04-12 17:40:44.300 [main] PackageRelationshipCollection - Parsing relationship: /xl/worksheets/_rels/sheet1.xml.rels
[DEBUG] 2023-04-12 17:40:44.301 [main] PackageRelationshipCollection - Parsing relationship: /_rels/.rels
[DEBUG] 2023-04-12 17:40:44.328 [main] PackageRelationshipCollection - Parsing relationship: /xl/_rels/workbook.xml.rels
[DEBUG] 2023-04-12 17:40:44.329 [main] PackageRelationshipCollection - Parsing relationship: /xl/worksheets/_rels/sheet1.xml.rels
[DEBUG] 2023-04-12 17:40:44.331 [main] PackageRelationshipCollection - Parsing relationship: /_rels/.rels
[DEBUG] 2023-04-12 17:40:44.353 [main] PackageRelationshipCollection - Parsing relationship: /xl/_rels/workbook.xml.rels
[DEBUG] 2023-04-12 17:40:44.354 [main] PackageRelationshipCollection - Parsing relationship: /xl/worksheets/_rels/sheet1.xml.rels
[DEBUG] 2023-04-12 17:40:44.355 [main] PackageRelationshipCollection - Parsing relationship: /_rels/.rels
[DEBUG] 2023-04-12 17:40:44.378 [main] PackageRelationshipCollection - Parsing relationship: /xl/_rels/workbook.xml.rels
[DEBUG] 2023-04-12 17:40:44.380 [main] PackageRelationshipCollection - Parsing relationship: /xl/worksheets/_rels/sheet1.xml.rels
[DEBUG] 2023-04-12 17:40:44.381 [main] PackageRelationshipCollection - Parsing relationship: /_rels/.rels
[DEBUG] 2023-04-12 17:40:44.402 [main] PackageRelationshipCollection - Parsing relationship: /xl/_rels/workbook.xml.rels
[DEBUG] 2023-04-12 17:40:44.403 [main] PackageRelationshipCollection - Parsing relationship: /xl/worksheets/_rels/sheet1.xml.rels
[DEBUG] 2023-04-12 17:40:44.403 [main] PackageRelationshipCollection - Parsing relationship: /_rels/.rels
[DEBUG] 2023-04-12 17:40:44.428 [main] PackageRelationshipCollection - Parsing relationship: /xl/_rels/workbook.xml.rels
[DEBUG] 2023-04-12 17:40:44.428 [main] PackageRelationshipCollection - Parsing relationship: /xl/worksheets/_rels/sheet1.xml.rels
[DEBUG] 2023-04-12 17:40:44.429 [main] PackageRelationshipCollection - Parsing relationship: /_rels/.rels
[DEBUG] 2023-04-12 17:40:44.453 [main] PackageRelationshipCollection - Parsing relationship: /xl/_rels/workbook.xml.rels
[DEBUG] 2023-04-12 17:40:44.454 [main] PackageRelationshipCollection - Parsing relationship: /xl/worksheets/_rels/sheet1.xml.rels
[DEBUG] 2023-04-12 17:40:44.455 [main] PackageRelationshipCollection - Parsing relationship: /_rels/.rels
[DEBUG] 2023-04-12 17:40:44.477 [main] PackageRelationshipCollection - Parsing relationship: /xl/_rels/workbook.xml.rels
[DEBUG] 2023-04-12 17:40:44.478 [main] PackageRelationshipCollection - Parsing relationship: /xl/worksheets/_rels/sheet1.xml.rels
[DEBUG] 2023-04-12 17:40:44.479 [main] PackageRelationshipCollection - Parsing relationship: /_rels/.rels
[DEBUG] 2023-04-12 17:40:44.499 [main] PackageRelationshipCollection - Parsing relationship: /xl/_rels/workbook.xml.rels
[DEBUG] 2023-04-12 17:40:44.500 [main] PackageRelationshipCollection - Parsing relationship: /xl/worksheets/_rels/sheet1.xml.rels
[DEBUG] 2023-04-12 17:40:44.501 [main] PackageRelationshipCollection - Parsing relationship: /_rels/.rels
[DEBUG] 2023-04-12 17:40:44.522 [main] PackageRelationshipCollection - Parsing relationship: /xl/_rels/workbook.xml.rels
[DEBUG] 2023-04-12 17:40:44.523 [main] PackageRelationshipCollection - Parsing relationship: /xl/worksheets/_rels/sheet1.xml.rels
[DEBUG] 2023-04-12 17:40:44.526 [main] PackageRelationshipCollection - Parsing relationship: /_rels/.rels
[DEBUG] 2023-04-12 17:40:44.547 [main] PackageRelationshipCollection - Parsing relationship: /xl/_rels/workbook.xml.rels
[DEBUG] 2023-04-12 17:40:44.548 [main] PackageRelationshipCollection - Parsing relationship: /xl/worksheets/_rels/sheet1.xml.rels
[DEBUG] 2023-04-12 17:40:44.549 [main] PackageRelationshipCollection - Parsing relationship: /_rels/.rels
[DEBUG] 2023-04-12 17:40:44.568 [main] PackageRelationshipCollection - Parsing relationship: /xl/_rels/workbook.xml.rels
[DEBUG] 2023-04-12 17:40:44.571 [main] PackageRelationshipCollection - Parsing relationship: /xl/worksheets/_rels/sheet1.xml.rels
[DEBUG] 2023-04-12 17:40:44.573 [main] PackageRelationshipCollection - Parsing relationship: /_rels/.rels
[DEBUG] 2023-04-12 17:40:53.425 [main] PackageRelationshipCollection - Parsing relationship: /xl/_rels/workbook.xml.rels
[DEBUG] 2023-04-12 17:40:53.426 [main] PackageRelationshipCollection - Parsing relationship: /xl/worksheets/_rels/sheet1.xml.rels
[DEBUG] 2023-04-12 17:40:53.428 [main] PackageRelationshipCollection - Parsing relationship: /_rels/.rels
[DEBUG] 2023-04-12 17:40:53.456 [main] PackageRelationshipCollection - Parsing relationship: /xl/_rels/workbook.xml.rels
[DEBUG] 2023-04-12 17:40:53.457 [main] PackageRelationshipCollection - Parsing relationship: /xl/worksheets/_rels/sheet1.xml.rels
[DEBUG] 2023-04-12 17:40:53.458 [main] PackageRelationshipCollection - Parsing relationship: /_rels/.rels
[DEBUG] 2023-04-12 17:40:53.477 [main] PackageRelationshipCollection - Parsing relationship: /xl/_rels/workbook.xml.rels
[DEBUG] 2023-04-12 17:40:53.478 [main] PackageRelationshipCollection - Parsing relationship: /xl/worksheets/_rels/sheet1.xml.rels
[DEBUG] 2023-04-12 17:40:53.479 [main] PackageRelationshipCollection - Parsing relationship: /_rels/.rels
[DEBUG] 2023-04-12 17:40:53.500 [main] PackageRelationshipCollection - Parsing relationship: /xl/_rels/workbook.xml.rels
[DEBUG] 2023-04-12 17:40:53.501 [main] PackageRelationshipCollection - Parsing relationship: /xl/worksheets/_rels/sheet1.xml.rels
[DEBUG] 2023-04-12 17:40:53.502 [main] PackageRelationshipCollection - Parsing relationship: /_rels/.rels
[DEBUG] 2023-04-12 17:40:53.523 [main] PackageRelationshipCollection - Parsing relationship: /xl/_rels/workbook.xml.rels
[DEBUG] 2023-04-12 17:40:53.524 [main] PackageRelationshipCollection - Parsing relationship: /xl/worksheets/_rels/sheet1.xml.rels
[DEBUG] 2023-04-12 17:40:53.525 [main] PackageRelationshipCollection - Parsing relationship: /_rels/.rels
[DEBUG] 2023-04-12 17:40:53.542 [main] PackageRelationshipCollection - Parsing relationship: /xl/_rels/workbook.xml.rels
[DEBUG] 2023-04-12 17:40:53.543 [main] PackageRelationshipCollection - Parsing relationship: /xl/worksheets/_rels/sheet1.xml.rels
[DEBUG] 2023-04-12 17:40:53.544 [main] PackageRelationshipCollection - Parsing relationship: /_rels/.rels
[DEBUG] 2023-04-12 17:41:00.715 [main] UserTests - Creating User
[DEBUG] 2023-04-12 17:41:00.716 [main] UserTests - User is created
[DEBUG] 2023-04-12 17:41:00.717 [main] UserTests - Reading user info
[DEBUG] 2023-04-12 17:41:01.804 [main] UserTests - Reading user completed
[DEBUG] 2023-04-12 17:41:01.808 [main] UserTests - Updating user
[DEBUG] 2023-04-12 17:41:04.106 [main] UserTests - Updating user completed
[DEBUG] 2023-04-12 17:41:04.111 [main] UserTests - Deleting user
[DEBUG] 2023-04-12 17:41:05.214 [main] UserTests - Deleting user completed
[DEBUG] 2023-04-12 17:47:40.419 [main] PackageRelationshipCollection - Parsing relationship: /xl/_rels/workbook.xml.rels
[DEBUG] 2023-04-12 17:47:40.429 [main] PackageRelationshipCollection - Parsing relationship: /xl/worksheets/_rels/sheet1.xml.rels
[DEBUG] 2023-04-12 17:47:40.434 [main] PackageRelationshipCollection - Parsing relationship: /_rels/.rels
[DEBUG] 2023-04-12 17:47:41.218 [main] PackageRelationshipCollection - Parsing relationship: /xl/_rels/workbook.xml.rels
[DEBUG] 2023-04-12 17:47:41.221 [main] PackageRelationshipCollection - Parsing relationship: /xl/worksheets/_rels/sheet1.xml.rels
[DEBUG] 2023-04-12 17:47:41.223 [main] PackageRelationshipCollection - Parsing relationship: /_rels/.rels
[DEBUG] 2023-04-12 17:47:41.277 [main] PackageRelationshipCollection - Parsing relationship: /xl/_rels/workbook.xml.rels
[DEBUG] 2023-04-12 17:47:41.279 [main] PackageRelationshipCollection - Parsing relationship: /xl/worksheets/_rels/sheet1.xml.rels
[DEBUG] 2023-04-12 17:47:41.281 [main] PackageRelationshipCollection - Parsing relationship: /_rels/.rels
[DEBUG] 2023-04-12 17:47:41.359 [main] PackageRelationshipCollection - Parsing relationship: /xl/_rels/workbook.xml.rels
[DEBUG] 2023-04-12 17:47:41.361 [main] PackageRelationshipCollection - Parsing relationship: /xl/worksheets/_rels/sheet1.xml.rels
[DEBUG] 2023-04-12 17:47:41.364 [main] PackageRelationshipCollection - Parsing relationship: /_rels/.rels
[DEBUG] 2023-04-12 17:47:41.411 [main] PackageRelationshipCollection - Parsing relationship: /xl/_rels/workbook.xml.rels
[DEBUG] 2023-04-12 17:47:41.413 [main] PackageRelationshipCollection - Parsing relationship: /xl/worksheets/_rels/sheet1.xml.rels
[DEBUG] 2023-04-12 17:47:41.416 [main] PackageRelationshipCollection - Parsing relationship: /_rels/.rels
[DEBUG] 2023-04-12 17:47:41.455 [main] PackageRelationshipCollection - Parsing relationship: /xl/_rels/workbook.xml.rels
[DEBUG] 2023-04-12 17:47:41.457 [main] PackageRelationshipCollection - Parsing relationship: /xl/worksheets/_rels/sheet1.xml.rels
[DEBUG] 2023-04-12 17:47:41.459 [main] PackageRelationshipCollection - Parsing relationship: /_rels/.rels
[DEBUG] 2023-04-12 17:47:41.498 [main] PackageRelationshipCollection - Parsing relationship: /xl/_rels/workbook.xml.rels
[DEBUG] 2023-04-12 17:47:41.499 [main] PackageRelationshipCollection - Parsing relationship: /xl/worksheets/_rels/sheet1.xml.rels
[DEBUG] 2023-04-12 17:47:41.501 [main] PackageRelationshipCollection - Parsing relationship: /_rels/.rels
[DEBUG] 2023-04-12 17:47:41.539 [main] PackageRelationshipCollection - Parsing relationship: /xl/_rels/workbook.xml.rels
[DEBUG] 2023-04-12 17:47:41.540 [main] PackageRelationshipCollection - Parsing relationship: /xl/worksheets/_rels/sheet1.xml.rels
[DEBUG] 2023-04-12 17:47:41.542 [main] PackageRelationshipCollection - Parsing relationship: /_rels/.rels
[DEBUG] 2023-04-12 17:47:41.575 [main] PackageRelationshipCollection - Parsing relationship: /xl/_rels/workbook.xml.rels
[DEBUG] 2023-04-12 17:47:41.576 [main] PackageRelationshipCollection - Parsing relationship: /xl/worksheets/_rels/sheet1.xml.rels
[DEBUG] 2023-04-12 17:47:41.578 [main] PackageRelationshipCollection - Parsing relationship: /_rels/.rels
[DEBUG] 2023-04-12 17:47:41.611 [main] PackageRelationshipCollection - Parsing relationship: /xl/_rels/workbook.xml.rels
[DEBUG] 2023-04-12 17:47:41.613 [main] PackageRelationshipCollection - Parsing relationship: /xl/worksheets/_rels/sheet1.xml.rels
[DEBUG] 2023-04-12 17:47:41.614 [main] PackageRelationshipCollection - Parsing relationship: /_rels/.rels
[DEBUG] 2023-04-12 17:47:41.648 [main] PackageRelationshipCollection - Parsing relationship: /xl/_rels/workbook.xml.rels
[DEBUG] 2023-04-12 17:47:41.650 [main] PackageRelationshipCollection - Parsing relationship: /xl/worksheets/_rels/sheet1.xml.rels
[DEBUG] 2023-04-12 17:47:41.651 [main] PackageRelationshipCollection - Parsing relationship: /_rels/.rels
[DEBUG] 2023-04-12 17:47:41.688 [main] PackageRelationshipCollection - Parsing relationship: /xl/_rels/workbook.xml.rels
[DEBUG] 2023-04-12 17:47:41.689 [main] PackageRelationshipCollection - Parsing relationship: /xl/worksheets/_rels/sheet1.xml.rels
[DEBUG] 2023-04-12 17:47:41.690 [main] PackageRelationshipCollection - Parsing relationship: /_rels/.rels
[DEBUG] 2023-04-12 17:47:41.721 [main] PackageRelationshipCollection - Parsing relationship: /xl/_rels/workbook.xml.rels
[DEBUG] 2023-04-12 17:47:41.723 [main] PackageRelationshipCollection - Parsing relationship: /xl/worksheets/_rels/sheet1.xml.rels
[DEBUG] 2023-04-12 17:47:41.724 [main] PackageRelationshipCollection - Parsing relationship: /_rels/.rels
[DEBUG] 2023-04-12 17:47:41.758 [main] PackageRelationshipCollection - Parsing relationship: /xl/_rels/workbook.xml.rels
[DEBUG] 2023-04-12 17:47:41.759 [main] PackageRelationshipCollection - Parsing relationship: /xl/worksheets/_rels/sheet1.xml.rels
[DEBUG] 2023-04-12 17:47:41.761 [main] PackageRelationshipCollection - Parsing relationship: /_rels/.rels
[DEBUG] 2023-04-12 17:47:41.792 [main] PackageRelationshipCollection - Parsing relationship: /xl/_rels/workbook.xml.rels
[DEBUG] 2023-04-12 17:47:41.793 [main] PackageRelationshipCollection - Parsing relationship: /xl/worksheets/_rels/sheet1.xml.rels
[DEBUG] 2023-04-12 17:47:41.795 [main] PackageRelationshipCollection - Parsing relationship: /_rels/.rels
[DEBUG] 2023-04-12 17:47:41.826 [main] PackageRelationshipCollection - Parsing relationship: /xl/_rels/workbook.xml.rels
[DEBUG] 2023-04-12 17:47:41.827 [main] PackageRelationshipCollection - Parsing relationship: /xl/worksheets/_rels/sheet1.xml.rels
[DEBUG] 2023-04-12 17:47:41.829 [main] PackageRelationshipCollection - Parsing relationship: /_rels/.rels
[DEBUG] 2023-04-12 17:47:41.869 [main] PackageRelationshipCollection - Parsing relationship: /xl/_rels/workbook.xml.rels
[DEBUG] 2023-04-12 17:47:41.869 [main] PackageRelationshipCollection - Parsing relationship: /xl/worksheets/_rels/sheet1.xml.rels
[DEBUG] 2023-04-12 17:47:41.870 [main] PackageRelationshipCollection - Parsing relationship: /_rels/.rels
[DEBUG] 2023-04-12 17:47:41.899 [main] PackageRelationshipCollection - Parsing relationship: /xl/_rels/workbook.xml.rels
[DEBUG] 2023-04-12 17:47:41.900 [main] PackageRelationshipCollection - Parsing relationship: /xl/worksheets/_rels/sheet1.xml.rels
[DEBUG] 2023-04-12 17:47:41.901 [main] PackageRelationshipCollection - Parsing relationship: /_rels/.rels
[DEBUG] 2023-04-12 17:47:41.928 [main] PackageRelationshipCollection - Parsing relationship: /xl/_rels/workbook.xml.rels
[DEBUG] 2023-04-12 17:47:41.929 [main] PackageRelationshipCollection - Parsing relationship: /xl/worksheets/_rels/sheet1.xml.rels
[DEBUG] 2023-04-12 17:47:41.929 [main] PackageRelationshipCollection - Parsing relationship: /_rels/.rels
[DEBUG] 2023-04-12 17:47:41.959 [main] PackageRelationshipCollection - Parsing relationship: /xl/_rels/workbook.xml.rels
[DEBUG] 2023-04-12 17:47:41.961 [main] PackageRelationshipCollection - Parsing relationship: /xl/worksheets/_rels/sheet1.xml.rels
[DEBUG] 2023-04-12 17:47:41.962 [main] PackageRelationshipCollection - Parsing relationship: /_rels/.rels
[DEBUG] 2023-04-12 17:47:41.991 [main] PackageRelationshipCollection - Parsing relationship: /xl/_rels/workbook.xml.rels
[DEBUG] 2023-04-12 17:47:41.993 [main] PackageRelationshipCollection - Parsing relationship: /xl/worksheets/_rels/sheet1.xml.rels
[DEBUG] 2023-04-12 17:47:41.993 [main] PackageRelationshipCollection - Parsing relationship: /_rels/.rels
[DEBUG] 2023-04-12 17:47:42.019 [main] PackageRelationshipCollection - Parsing relationship: /xl/_rels/workbook.xml.rels
[DEBUG] 2023-04-12 17:47:42.020 [main] PackageRelationshipCollection - Parsing relationship: /xl/worksheets/_rels/sheet1.xml.rels
[DEBUG] 2023-04-12 17:47:42.021 [main] PackageRelationshipCollection - Parsing relationship: /_rels/.rels
[DEBUG] 2023-04-12 17:47:42.047 [main] PackageRelationshipCollection - Parsing relationship: /xl/_rels/workbook.xml.rels
[DEBUG] 2023-04-12 17:47:42.048 [main] PackageRelationshipCollection - Parsing relationship: /xl/worksheets/_rels/sheet1.xml.rels
[DEBUG] 2023-04-12 17:47:42.049 [main] PackageRelationshipCollection - Parsing relationship: /_rels/.rels
[DEBUG] 2023-04-12 17:47:42.074 [main] PackageRelationshipCollection - Parsing relationship: /xl/_rels/workbook.xml.rels
[DEBUG] 2023-04-12 17:47:42.075 [main] PackageRelationshipCollection - Parsing relationship: /xl/worksheets/_rels/sheet1.xml.rels
[DEBUG] 2023-04-12 17:47:42.076 [main] PackageRelationshipCollection - Parsing relationship: /_rels/.rels
[DEBUG] 2023-04-12 17:47:42.101 [main] PackageRelationshipCollection - Parsing relationship: /xl/_rels/workbook.xml.rels
[DEBUG] 2023-04-12 17:47:42.102 [main] PackageRelationshipCollection - Parsing relationship: /xl/worksheets/_rels/sheet1.xml.rels
[DEBUG] 2023-04-12 17:47:42.103 [main] PackageRelationshipCollection - Parsing relationship: /_rels/.rels
[DEBUG] 2023-04-12 17:47:42.125 [main] PackageRelationshipCollection - Parsing relationship: /xl/_rels/workbook.xml.rels
[DEBUG] 2023-04-12 17:47:42.126 [main] PackageRelationshipCollection - Parsing relationship: /xl/worksheets/_rels/sheet1.xml.rels
[DEBUG] 2023-04-12 17:47:42.128 [main] PackageRelationshipCollection - Parsing relationship: /_rels/.rels
[DEBUG] 2023-04-12 17:47:42.151 [main] PackageRelationshipCollection - Parsing relationship: /xl/_rels/workbook.xml.rels
[DEBUG] 2023-04-12 17:47:42.152 [main] PackageRelationshipCollection - Parsing relationship: /xl/worksheets/_rels/sheet1.xml.rels
[DEBUG] 2023-04-12 17:47:42.154 [main] PackageRelationshipCollection - Parsing relationship: /_rels/.rels
[DEBUG] 2023-04-12 17:47:42.183 [main] PackageRelationshipCollection - Parsing relationship: /xl/_rels/workbook.xml.rels
[DEBUG] 2023-04-12 17:47:42.184 [main] PackageRelationshipCollection - Parsing relationship: /xl/worksheets/_rels/sheet1.xml.rels
[DEBUG] 2023-04-12 17:47:42.185 [main] PackageRelationshipCollection - Parsing relationship: /_rels/.rels
[DEBUG] 2023-04-12 17:47:42.207 [main] PackageRelationshipCollection - Parsing relationship: /xl/_rels/workbook.xml.rels
[DEBUG] 2023-04-12 17:47:42.208 [main] PackageRelationshipCollection - Parsing relationship: /xl/worksheets/_rels/sheet1.xml.rels
[DEBUG] 2023-04-12 17:47:42.209 [main] PackageRelationshipCollection - Parsing relationship: /_rels/.rels
[DEBUG] 2023-04-12 17:47:42.238 [main] PackageRelationshipCollection - Parsing relationship: /xl/_rels/workbook.xml.rels
[DEBUG] 2023-04-12 17:47:42.239 [main] PackageRelationshipCollection - Parsing relationship: /xl/worksheets/_rels/sheet1.xml.rels
[DEBUG] 2023-04-12 17:47:42.240 [main] PackageRelationshipCollection - Parsing relationship: /_rels/.rels
[DEBUG] 2023-04-12 17:47:42.264 [main] PackageRelationshipCollection - Parsing relationship: /xl/_rels/workbook.xml.rels
[DEBUG] 2023-04-12 17:47:42.265 [main] PackageRelationshipCollection - Parsing relationship: /xl/worksheets/_rels/sheet1.xml.rels
[DEBUG] 2023-04-12 17:47:42.266 [main] PackageRelationshipCollection - Parsing relationship: /_rels/.rels
[DEBUG] 2023-04-12 17:47:42.288 [main] PackageRelationshipCollection - Parsing relationship: /xl/_rels/workbook.xml.rels
[DEBUG] 2023-04-12 17:47:42.289 [main] PackageRelationshipCollection - Parsing relationship: /xl/worksheets/_rels/sheet1.xml.rels
[DEBUG] 2023-04-12 17:47:42.290 [main] PackageRelationshipCollection - Parsing relationship: /_rels/.rels
[DEBUG] 2023-04-12 17:47:42.313 [main] PackageRelationshipCollection - Parsing relationship: /xl/_rels/workbook.xml.rels
[DEBUG] 2023-04-12 17:47:42.314 [main] PackageRelationshipCollection - Parsing relationship: /xl/worksheets/_rels/sheet1.xml.rels
[DEBUG] 2023-04-12 17:47:42.315 [main] PackageRelationshipCollection - Parsing relationship: /_rels/.rels
[DEBUG] 2023-04-12 17:47:42.338 [main] PackageRelationshipCollection - Parsing relationship: /xl/_rels/workbook.xml.rels
[DEBUG] 2023-04-12 17:47:42.339 [main] PackageRelationshipCollection - Parsing relationship: /xl/worksheets/_rels/sheet1.xml.rels
[DEBUG] 2023-04-12 17:47:42.340 [main] PackageRelationshipCollection - Parsing relationship: /_rels/.rels
[DEBUG] 2023-04-12 17:47:42.363 [main] PackageRelationshipCollection - Parsing relationship: /xl/_rels/workbook.xml.rels
[DEBUG] 2023-04-12 17:47:42.364 [main] PackageRelationshipCollection - Parsing relationship: /xl/worksheets/_rels/sheet1.xml.rels
[DEBUG] 2023-04-12 17:47:42.365 [main] PackageRelationshipCollection - Parsing relationship: /_rels/.rels
[DEBUG] 2023-04-12 17:47:42.386 [main] PackageRelationshipCollection - Parsing relationship: /xl/_rels/workbook.xml.rels
[DEBUG] 2023-04-12 17:47:42.387 [main] PackageRelationshipCollection - Parsing relationship: /xl/worksheets/_rels/sheet1.xml.rels
[DEBUG] 2023-04-12 17:47:42.388 [main] PackageRelationshipCollection - Parsing relationship: /_rels/.rels
[DEBUG] 2023-04-12 17:47:42.405 [main] PackageRelationshipCollection - Parsing relationship: /xl/_rels/workbook.xml.rels
[DEBUG] 2023-04-12 17:47:42.407 [main] PackageRelationshipCollection - Parsing relationship: /xl/worksheets/_rels/sheet1.xml.rels
[DEBUG] 2023-04-12 17:47:42.408 [main] PackageRelationshipCollection - Parsing relationship: /_rels/.rels
[DEBUG] 2023-04-12 17:47:52.344 [main] PackageRelationshipCollection - Parsing relationship: /xl/_rels/workbook.xml.rels
[DEBUG] 2023-04-12 17:47:52.345 [main] PackageRelationshipCollection - Parsing relationship: /xl/worksheets/_rels/sheet1.xml.rels
[DEBUG] 2023-04-12 17:47:52.347 [main] PackageRelationshipCollection - Parsing relationship: /_rels/.rels
[DEBUG] 2023-04-12 17:47:52.386 [main] PackageRelationshipCollection - Parsing relationship: /xl/_rels/workbook.xml.rels
[DEBUG] 2023-04-12 17:47:52.387 [main] PackageRelationshipCollection - Parsing relationship: /xl/worksheets/_rels/sheet1.xml.rels
[DEBUG] 2023-04-12 17:47:52.389 [main] PackageRelationshipCollection - Parsing relationship: /_rels/.rels
[DEBUG] 2023-04-12 17:47:52.407 [main] PackageRelationshipCollection - Parsing relationship: /xl/_rels/workbook.xml.rels
[DEBUG] 2023-04-12 17:47:52.408 [main] PackageRelationshipCollection - Parsing relationship: /xl/worksheets/_rels/sheet1.xml.rels
[DEBUG] 2023-04-12 17:47:52.409 [main] PackageRelationshipCollection - Parsing relationship: /_rels/.rels
[DEBUG] 2023-04-12 17:47:52.428 [main] PackageRelationshipCollection - Parsing relationship: /xl/_rels/workbook.xml.rels
[DEBUG] 2023-04-12 17:47:52.429 [main] PackageRelationshipCollection - Parsing relationship: /xl/worksheets/_rels/sheet1.xml.rels
[DEBUG] 2023-04-12 17:47:52.430 [main] PackageRelationshipCollection - Parsing relationship: /_rels/.rels
[DEBUG] 2023-04-12 17:47:52.450 [main] PackageRelationshipCollection - Parsing relationship: /xl/_rels/workbook.xml.rels
[DEBUG] 2023-04-12 17:47:52.451 [main] PackageRelationshipCollection - Parsing relationship: /xl/worksheets/_rels/sheet1.xml.rels
[DEBUG] 2023-04-12 17:47:52.452 [main] PackageRelationshipCollection - Parsing relationship: /_rels/.rels
[DEBUG] 2023-04-12 17:47:52.482 [main] PackageRelationshipCollection - Parsing relationship: /xl/_rels/workbook.xml.rels
[DEBUG] 2023-04-12 17:47:52.483 [main] PackageRelationshipCollection - Parsing relationship: /xl/worksheets/_rels/sheet1.xml.rels
[DEBUG] 2023-04-12 17:47:52.484 [main] PackageRelationshipCollection - Parsing relationship: /_rels/.rels
[DEBUG] 2023-04-12 17:47:59.607 [main] UserTests - Creating User
[DEBUG] 2023-04-12 17:47:59.607 [main] UserTests - User is created
[DEBUG] 2023-04-12 17:47:59.610 [main] UserTests - Reading user info
[DEBUG] 2023-04-12 17:48:00.753 [main] UserTests - Reading user completed
[DEBUG] 2023-04-12 17:48:00.758 [main] UserTests - Updating user
[DEBUG] 2023-04-12 17:48:03.016 [main] UserTests - Updating user completed
[DEBUG] 2023-04-12 17:48:03.021 [main] UserTests - Deleting user
[DEBUG] 2023-04-12 17:48:04.117 [main] UserTests - Deleting user completed
[DEBUG] 2023-04-12 17:57:44.112 [main] PackageRelationshipCollection - Parsing relationship: /xl/_rels/workbook.xml.rels
[DEBUG] 2023-04-12 17:57:44.132 [main] PackageRelationshipCollection - Parsing relationship: /xl/worksheets/_rels/sheet1.xml.rels
[DEBUG] 2023-04-12 17:57:44.146 [main] PackageRelationshipCollection - Parsing relationship: /_rels/.rels
[DEBUG] 2023-04-12 17:57:45.057 [main] PackageRelationshipCollection - Parsing relationship: /xl/_rels/workbook.xml.rels
[DEBUG] 2023-04-12 17:57:45.059 [main] PackageRelationshipCollection - Parsing relationship: /xl/worksheets/_rels/sheet1.xml.rels
[DEBUG] 2023-04-12 17:57:45.061 [main] PackageRelationshipCollection - Parsing relationship: /_rels/.rels
[DEBUG] 2023-04-12 17:57:45.118 [main] PackageRelationshipCollection - Parsing relationship: /xl/_rels/workbook.xml.rels
[DEBUG] 2023-04-12 17:57:45.120 [main] PackageRelationshipCollection - Parsing relationship: /xl/worksheets/_rels/sheet1.xml.rels
[DEBUG] 2023-04-12 17:57:45.123 [main] PackageRelationshipCollection - Parsing relationship: /_rels/.rels
[DEBUG] 2023-04-12 17:57:45.207 [main] PackageRelationshipCollection - Parsing relationship: /xl/_rels/workbook.xml.rels
[DEBUG] 2023-04-12 17:57:45.209 [main] PackageRelationshipCollection - Parsing relationship: /xl/worksheets/_rels/sheet1.xml.rels
[DEBUG] 2023-04-12 17:57:45.212 [main] PackageRelationshipCollection - Parsing relationship: /_rels/.rels
[DEBUG] 2023-04-12 17:57:45.256 [main] PackageRelationshipCollection - Parsing relationship: /xl/_rels/workbook.xml.rels
[DEBUG] 2023-04-12 17:57:45.258 [main] PackageRelationshipCollection - Parsing relationship: /xl/worksheets/_rels/sheet1.xml.rels
[DEBUG] 2023-04-12 17:57:45.260 [main] PackageRelationshipCollection - Parsing relationship: /_rels/.rels
[DEBUG] 2023-04-12 17:57:45.300 [main] PackageRelationshipCollection - Parsing relationship: /xl/_rels/workbook.xml.rels
[DEBUG] 2023-04-12 17:57:45.301 [main] PackageRelationshipCollection - Parsing relationship: /xl/worksheets/_rels/sheet1.xml.rels
[DEBUG] 2023-04-12 17:57:45.303 [main] PackageRelationshipCollection - Parsing relationship: /_rels/.rels
[DEBUG] 2023-04-12 17:57:45.342 [main] PackageRelationshipCollection - Parsing relationship: /xl/_rels/workbook.xml.rels
[DEBUG] 2023-04-12 17:57:45.343 [main] PackageRelationshipCollection - Parsing relationship: /xl/worksheets/_rels/sheet1.xml.rels
[DEBUG] 2023-04-12 17:57:45.345 [main] PackageRelationshipCollection - Parsing relationship: /_rels/.rels
[DEBUG] 2023-04-12 17:57:45.384 [main] PackageRelationshipCollection - Parsing relationship: /xl/_rels/workbook.xml.rels
[DEBUG] 2023-04-12 17:57:45.386 [main] PackageRelationshipCollection - Parsing relationship: /xl/worksheets/_rels/sheet1.xml.rels
[DEBUG] 2023-04-12 17:57:45.387 [main] PackageRelationshipCollection - Parsing relationship: /_rels/.rels
[DEBUG] 2023-04-12 17:57:45.435 [main] PackageRelationshipCollection - Parsing relationship: /xl/_rels/workbook.xml.rels
[DEBUG] 2023-04-12 17:57:45.435 [main] PackageRelationshipCollection - Parsing relationship: /xl/worksheets/_rels/sheet1.xml.rels
[DEBUG] 2023-04-12 17:57:45.437 [main] PackageRelationshipCollection - Parsing relationship: /_rels/.rels
[DEBUG] 2023-04-12 17:57:45.475 [main] PackageRelationshipCollection - Parsing relationship: /xl/_rels/workbook.xml.rels
[DEBUG] 2023-04-12 17:57:45.476 [main] PackageRelationshipCollection - Parsing relationship: /xl/worksheets/_rels/sheet1.xml.rels
[DEBUG] 2023-04-12 17:57:45.478 [main] PackageRelationshipCollection - Parsing relationship: /_rels/.rels
[DEBUG] 2023-04-12 17:57:45.550 [main] PackageRelationshipCollection - Parsing relationship: /xl/_rels/workbook.xml.rels
[DEBUG] 2023-04-12 17:57:45.553 [main] PackageRelationshipCollection - Parsing relationship: /xl/worksheets/_rels/sheet1.xml.rels
[DEBUG] 2023-04-12 17:57:45.554 [main] PackageRelationshipCollection - Parsing relationship: /_rels/.rels
[DEBUG] 2023-04-12 17:57:45.648 [main] PackageRelationshipCollection - Parsing relationship: /xl/_rels/workbook.xml.rels
[DEBUG] 2023-04-12 17:57:45.650 [main] PackageRelationshipCollection - Parsing relationship: /xl/worksheets/_rels/sheet1.xml.rels
[DEBUG] 2023-04-12 17:57:45.657 [main] PackageRelationshipCollection - Parsing relationship: /_rels/.rels
[DEBUG] 2023-04-12 17:57:45.691 [main] PackageRelationshipCollection - Parsing relationship: /xl/_rels/workbook.xml.rels
[DEBUG] 2023-04-12 17:57:45.692 [main] PackageRelationshipCollection - Parsing relationship: /xl/worksheets/_rels/sheet1.xml.rels
[DEBUG] 2023-04-12 17:57:45.693 [main] PackageRelationshipCollection - Parsing relationship: /_rels/.rels
[DEBUG] 2023-04-12 17:57:45.759 [main] PackageRelationshipCollection - Parsing relationship: /xl/_rels/workbook.xml.rels
[DEBUG] 2023-04-12 17:57:45.762 [main] PackageRelationshipCollection - Parsing relationship: /xl/worksheets/_rels/sheet1.xml.rels
[DEBUG] 2023-04-12 17:57:45.765 [main] PackageRelationshipCollection - Parsing relationship: /_rels/.rels
[DEBUG] 2023-04-12 17:57:45.810 [main] PackageRelationshipCollection - Parsing relationship: /xl/_rels/workbook.xml.rels
[DEBUG] 2023-04-12 17:57:45.812 [main] PackageRelationshipCollection - Parsing relationship: /xl/worksheets/_rels/sheet1.xml.rels
[DEBUG] 2023-04-12 17:57:45.814 [main] PackageRelationshipCollection - Parsing relationship: /_rels/.rels
[DEBUG] 2023-04-12 17:57:45.845 [main] PackageRelationshipCollection - Parsing relationship: /xl/_rels/workbook.xml.rels
[DEBUG] 2023-04-12 17:57:45.846 [main] PackageRelationshipCollection - Parsing relationship: /xl/worksheets/_rels/sheet1.xml.rels
[DEBUG] 2023-04-12 17:57:45.847 [main] PackageRelationshipCollection - Parsing relationship: /_rels/.rels
[DEBUG] 2023-04-12 17:57:45.883 [main] PackageRelationshipCollection - Parsing relationship: /xl/_rels/workbook.xml.rels
[DEBUG] 2023-04-12 17:57:45.884 [main] PackageRelationshipCollection - Parsing relationship: /xl/worksheets/_rels/sheet1.xml.rels
[DEBUG] 2023-04-12 17:57:45.885 [main] PackageRelationshipCollection - Parsing relationship: /_rels/.rels
[DEBUG] 2023-04-12 17:57:45.912 [main] PackageRelationshipCollection - Parsing relationship: /xl/_rels/workbook.xml.rels
[DEBUG] 2023-04-12 17:57:45.914 [main] PackageRelationshipCollection - Parsing relationship: /xl/worksheets/_rels/sheet1.xml.rels
[DEBUG] 2023-04-12 17:57:45.915 [main] PackageRelationshipCollection - Parsing relationship: /_rels/.rels
[DEBUG] 2023-04-12 17:57:45.952 [main] PackageRelationshipCollection - Parsing relationship: /xl/_rels/workbook.xml.rels
[DEBUG] 2023-04-12 17:57:45.953 [main] PackageRelationshipCollection - Parsing relationship: /xl/worksheets/_rels/sheet1.xml.rels
[DEBUG] 2023-04-12 17:57:45.955 [main] PackageRelationshipCollection - Parsing relationship: /_rels/.rels
[DEBUG] 2023-04-12 17:57:45.983 [main] PackageRelationshipCollection - Parsing relationship: /xl/_rels/workbook.xml.rels
[DEBUG] 2023-04-12 17:57:45.984 [main] PackageRelationshipCollection - Parsing relationship: /xl/worksheets/_rels/sheet1.xml.rels
[DEBUG] 2023-04-12 17:57:45.985 [main] PackageRelationshipCollection - Parsing relationship: /_rels/.rels
[DEBUG] 2023-04-12 17:57:46.025 [main] PackageRelationshipCollection - Parsing relationship: /xl/_rels/workbook.xml.rels
[DEBUG] 2023-04-12 17:57:46.026 [main] PackageRelationshipCollection - Parsing relationship: /xl/worksheets/_rels/sheet1.xml.rels
[DEBUG] 2023-04-12 17:57:46.027 [main] PackageRelationshipCollection - Parsing relationship: /_rels/.rels
[DEBUG] 2023-04-12 17:57:46.051 [main] PackageRelationshipCollection - Parsing relationship: /xl/_rels/workbook.xml.rels
[DEBUG] 2023-04-12 17:57:46.052 [main] PackageRelationshipCollection - Parsing relationship: /xl/worksheets/_rels/sheet1.xml.rels
[DEBUG] 2023-04-12 17:57:46.053 [main] PackageRelationshipCollection - Parsing relationship: /_rels/.rels
[DEBUG] 2023-04-12 17:57:46.080 [main] PackageRelationshipCollection - Parsing relationship: /xl/_rels/workbook.xml.rels
[DEBUG] 2023-04-12 17:57:46.081 [main] PackageRelationshipCollection - Parsing relationship: /xl/worksheets/_rels/sheet1.xml.rels
[DEBUG] 2023-04-12 17:57:46.083 [main] PackageRelationshipCollection - Parsing relationship: /_rels/.rels
[DEBUG] 2023-04-12 17:57:46.106 [main] PackageRelationshipCollection - Parsing relationship: /xl/_rels/workbook.xml.rels
[DEBUG] 2023-04-12 17:57:46.108 [main] PackageRelationshipCollection - Parsing relationship: /xl/worksheets/_rels/sheet1.xml.rels
[DEBUG] 2023-04-12 17:57:46.109 [main] PackageRelationshipCollection - Parsing relationship: /_rels/.rels
[DEBUG] 2023-04-12 17:57:46.136 [main] PackageRelationshipCollection - Parsing relationship: /xl/_rels/workbook.xml.rels
[DEBUG] 2023-04-12 17:57:46.136 [main] PackageRelationshipCollection - Parsing relationship: /xl/worksheets/_rels/sheet1.xml.rels
[DEBUG] 2023-04-12 17:57:46.138 [main] PackageRelationshipCollection - Parsing relationship: /_rels/.rels
[DEBUG] 2023-04-12 17:57:46.185 [main] PackageRelationshipCollection - Parsing relationship: /xl/_rels/workbook.xml.rels
[DEBUG] 2023-04-12 17:57:46.186 [main] PackageRelationshipCollection - Parsing relationship: /xl/worksheets/_rels/sheet1.xml.rels
[DEBUG] 2023-04-12 17:57:46.189 [main] PackageRelationshipCollection - Parsing relationship: /_rels/.rels
[DEBUG] 2023-04-12 17:57:46.214 [main] PackageRelationshipCollection - Parsing relationship: /xl/_rels/workbook.xml.rels
[DEBUG] 2023-04-12 17:57:46.215 [main] PackageRelationshipCollection - Parsing relationship: /xl/worksheets/_rels/sheet1.xml.rels
[DEBUG] 2023-04-12 17:57:46.216 [main] PackageRelationshipCollection - Parsing relationship: /_rels/.rels
[DEBUG] 2023-04-12 17:57:46.246 [main] PackageRelationshipCollection - Parsing relationship: /xl/_rels/workbook.xml.rels
[DEBUG] 2023-04-12 17:57:46.247 [main] PackageRelationshipCollection - Parsing relationship: /xl/worksheets/_rels/sheet1.xml.rels
[DEBUG] 2023-04-12 17:57:46.251 [main] PackageRelationshipCollection - Parsing relationship: /_rels/.rels
[DEBUG] 2023-04-12 17:57:46.316 [main] PackageRelationshipCollection - Parsing relationship: /xl/_rels/workbook.xml.rels
[DEBUG] 2023-04-12 17:57:46.318 [main] PackageRelationshipCollection - Parsing relationship: /xl/worksheets/_rels/sheet1.xml.rels
[DEBUG] 2023-04-12 17:57:46.324 [main] PackageRelationshipCollection - Parsing relationship: /_rels/.rels
[DEBUG] 2023-04-12 17:57:46.357 [main] PackageRelationshipCollection - Parsing relationship: /xl/_rels/workbook.xml.rels
[DEBUG] 2023-04-12 17:57:46.358 [main] PackageRelationshipCollection - Parsing relationship: /xl/worksheets/_rels/sheet1.xml.rels
[DEBUG] 2023-04-12 17:57:46.359 [main] PackageRelationshipCollection - Parsing relationship: /_rels/.rels
[DEBUG] 2023-04-12 17:57:46.428 [main] PackageRelationshipCollection - Parsing relationship: /xl/_rels/workbook.xml.rels
[DEBUG] 2023-04-12 17:57:46.429 [main] PackageRelationshipCollection - Parsing relationship: /xl/worksheets/_rels/sheet1.xml.rels
[DEBUG] 2023-04-12 17:57:46.431 [main] PackageRelationshipCollection - Parsing relationship: /_rels/.rels
[DEBUG] 2023-04-12 17:57:46.473 [main] PackageRelationshipCollection - Parsing relationship: /xl/_rels/workbook.xml.rels
[DEBUG] 2023-04-12 17:57:46.475 [main] PackageRelationshipCollection - Parsing relationship: /xl/worksheets/_rels/sheet1.xml.rels
[DEBUG] 2023-04-12 17:57:46.476 [main] PackageRelationshipCollection - Parsing relationship: /_rels/.rels
[DEBUG] 2023-04-12 17:57:46.509 [main] PackageRelationshipCollection - Parsing relationship: /xl/_rels/workbook.xml.rels
[DEBUG] 2023-04-12 17:57:46.510 [main] PackageRelationshipCollection - Parsing relationship: /xl/worksheets/_rels/sheet1.xml.rels
[DEBUG] 2023-04-12 17:57:46.515 [main] PackageRelationshipCollection - Parsing relationship: /_rels/.rels
[DEBUG] 2023-04-12 17:57:46.541 [main] PackageRelationshipCollection - Parsing relationship: /xl/_rels/workbook.xml.rels
[DEBUG] 2023-04-12 17:57:46.542 [main] PackageRelationshipCollection - Parsing relationship: /xl/worksheets/_rels/sheet1.xml.rels
[DEBUG] 2023-04-12 17:57:46.543 [main] PackageRelationshipCollection - Parsing relationship: /_rels/.rels
[DEBUG] 2023-04-12 17:57:46.566 [main] PackageRelationshipCollection - Parsing relationship: /xl/_rels/workbook.xml.rels
[DEBUG] 2023-04-12 17:57:46.567 [main] PackageRelationshipCollection - Parsing relationship: /xl/worksheets/_rels/sheet1.xml.rels
[DEBUG] 2023-04-12 17:57:46.568 [main] PackageRelationshipCollection - Parsing relationship: /_rels/.rels
[DEBUG] 2023-04-12 17:57:46.594 [main] PackageRelationshipCollection - Parsing relationship: /xl/_rels/workbook.xml.rels
[DEBUG] 2023-04-12 17:57:46.595 [main] PackageRelationshipCollection - Parsing relationship: /xl/worksheets/_rels/sheet1.xml.rels
[DEBUG] 2023-04-12 17:57:46.596 [main] PackageRelationshipCollection - Parsing relationship: /_rels/.rels
[DEBUG] 2023-04-12 17:57:46.617 [main] PackageRelationshipCollection - Parsing relationship: /xl/_rels/workbook.xml.rels
[DEBUG] 2023-04-12 17:57:46.618 [main] PackageRelationshipCollection - Parsing relationship: /xl/worksheets/_rels/sheet1.xml.rels
[DEBUG] 2023-04-12 17:57:46.619 [main] PackageRelationshipCollection - Parsing relationship: /_rels/.rels
[DEBUG] 2023-04-12 17:57:56.810 [main] PackageRelationshipCollection - Parsing relationship: /xl/_rels/workbook.xml.rels
[DEBUG] 2023-04-12 17:57:56.811 [main] PackageRelationshipCollection - Parsing relationship: /xl/worksheets/_rels/sheet1.xml.rels
[DEBUG] 2023-04-12 17:57:56.812 [main] PackageRelationshipCollection - Parsing relationship: /_rels/.rels
[DEBUG] 2023-04-12 17:57:56.839 [main] PackageRelationshipCollection - Parsing relationship: /xl/_rels/workbook.xml.rels
[DEBUG] 2023-04-12 17:57:56.861 [main] PackageRelationshipCollection - Parsing relationship: /xl/worksheets/_rels/sheet1.xml.rels
[DEBUG] 2023-04-12 17:57:56.863 [main] PackageRelationshipCollection - Parsing relationship: /_rels/.rels
[DEBUG] 2023-04-12 17:57:56.905 [main] PackageRelationshipCollection - Parsing relationship: /xl/_rels/workbook.xml.rels
[DEBUG] 2023-04-12 17:57:56.907 [main] PackageRelationshipCollection - Parsing relationship: /xl/worksheets/_rels/sheet1.xml.rels
[DEBUG] 2023-04-12 17:57:56.909 [main] PackageRelationshipCollection - Parsing relationship: /_rels/.rels
[DEBUG] 2023-04-12 17:57:56.941 [main] PackageRelationshipCollection - Parsing relationship: /xl/_rels/workbook.xml.rels
[DEBUG] 2023-04-12 17:57:56.942 [main] PackageRelationshipCollection - Parsing relationship: /xl/worksheets/_rels/sheet1.xml.rels
[DEBUG] 2023-04-12 17:57:56.943 [main] PackageRelationshipCollection - Parsing relationship: /_rels/.rels
[DEBUG] 2023-04-12 17:57:56.975 [main] PackageRelationshipCollection - Parsing relationship: /xl/_rels/workbook.xml.rels
[DEBUG] 2023-04-12 17:57:56.976 [main] PackageRelationshipCollection - Parsing relationship: /xl/worksheets/_rels/sheet1.xml.rels
[DEBUG] 2023-04-12 17:57:56.978 [main] PackageRelationshipCollection - Parsing relationship: /_rels/.rels
[DEBUG] 2023-04-12 17:57:57.027 [main] PackageRelationshipCollection - Parsing relationship: /xl/_rels/workbook.xml.rels
[DEBUG] 2023-04-12 17:57:57.031 [main] PackageRelationshipCollection - Parsing relationship: /xl/worksheets/_rels/sheet1.xml.rels
[DEBUG] 2023-04-12 17:57:57.036 [main] PackageRelationshipCollection - Parsing relationship: /_rels/.rels
[DEBUG] 2023-04-12 17:58:04.746 [main] UserTests - Creating User
[DEBUG] 2023-04-12 17:58:04.746 [main] UserTests - User is created
[DEBUG] 2023-04-12 17:58:04.748 [main] UserTests - Reading user info
[DEBUG] 2023-04-12 17:58:05.901 [main] UserTests - Reading user completed
[DEBUG] 2023-04-12 17:58:05.906 [main] UserTests - Updating user
[DEBUG] 2023-04-12 17:58:08.278 [main] UserTests - Updating user completed
[DEBUG] 2023-04-12 17:58:08.283 [main] UserTests - Deleting user
[DEBUG] 2023-04-12 17:58:09.403 [main] UserTests - Deleting user completed
[DEBUG] 2023-04-12 18:06:41.112 [main] UserTests - Creating User
[DEBUG] 2023-04-12 18:06:41.120 [main] UserTests - User is created
[DEBUG] 2023-04-12 18:06:41.143 [main] UserTests - Reading user info
[DEBUG] 2023-04-12 18:06:42.313 [main] UserTests - Reading user completed
[DEBUG] 2023-04-12 18:06:42.318 [main] UserTests - Updating user
[DEBUG] 2023-04-12 18:06:44.649 [main] UserTests - Updating user completed
[DEBUG] 2023-04-12 18:06:44.656 [main] UserTests - Deleting user
[DEBUG] 2023-04-12 18:06:45.788 [main] UserTests - Deleting user completed
[DEBUG] 2023-04-12 22:16:52.468 [main] UserTests - Creating User
[DEBUG] 2023-04-12 22:16:52.484 [main] UserTests - User is created
[DEBUG] 2023-04-12 22:16:52.520 [main] UserTests - Reading user info
[DEBUG] 2023-04-12 22:16:53.817 [main] UserTests - Reading user completed
[DEBUG] 2023-04-12 22:16:53.824 [main] UserTests - Updating user
[DEBUG] 2023-04-12 22:16:56.299 [main] UserTests - Updating user completed
[DEBUG] 2023-04-12 22:16:56.305 [main] UserTests - Deleting user
[DEBUG] 2023-04-12 22:16:57.465 [main] UserTests - Deleting user completed
[DEBUG] 2023-04-12 22:22:28.011 [main] UserTests - Creating User
[DEBUG] 2023-04-12 22:22:28.019 [main] UserTests - User is created
[DEBUG] 2023-04-12 22:22:28.041 [main] UserTests - Reading user info
[DEBUG] 2023-04-12 22:22:29.670 [main] UserTests - Reading user completed
[DEBUG] 2023-04-12 22:22:29.679 [main] UserTests - Updating user
[DEBUG] 2023-04-12 22:22:32.072 [main] UserTests - Updating user completed
[DEBUG] 2023-04-12 22:22:32.078 [main] UserTests - Deleting user
[DEBUG] 2023-04-12 22:22:33.213 [main] UserTests - Deleting user completed
